Using pre-set license
Built from '2020.3/staging' branch; Version is '2020.3.5f1 (8095aa901b9b) revision 8426922'; Using compiler version '192528614'; Build Type 'Release'
OS: 'Windows 10 Pro; OS build 19044.1706; Version 2009; 64bit' Language: 'fr' Physical Memory: 32523 MB
BatchMode: 1, IsHumanControllingUs: 0, StartBugReporterOnCrash: 0, Is64bit: 1, IsPro: 0

 COMMAND LINE ARGUMENTS:
C:\Program Files\Unity\2020.3.5f1\Editor\Unity.exe
-adb2
-batchMode
-noUpm
-name
AssetImportWorker0
-projectPath
F:/MortAuxTrousses-v4
-logFile
Logs/AssetImportWorker0.log
-srvPort
62841
Successfully changed project path to: F:/MortAuxTrousses-v4
F:/MortAuxTrousses-v4
Using Asset Import Pipeline V2.
Refreshing native plugins compatible for Editor in 45.91 ms, found 10 plugins.
Preloading 0 native plugins for Editor in 0.00 ms.
Initialize engine version: 2020.3.5f1 (8095aa901b9b)
[Subsystems] Discovering subsystems at path C:/Program Files/Unity/2020.3.5f1/Editor/Data/Resources/UnitySubsystems
[Subsystems] Discovering subsystems at path F:/MortAuxTrousses-v4/Assets
GfxDevice: creating device client; threaded=0
Direct3D:
    Version:  Direct3D 11.0 [level 11.1]
    Renderer: NVIDIA GeForce RTX 2080 Super (ID=0x1ed3)
    Vendor:   
    VRAM:     8010 MB
    Driver:   27.21.14.6618
Initialize mono
Mono path[0] = 'C:/Program Files/Unity/2020.3.5f1/Editor/Data/Managed'
Mono path[1] = 'C:/Program Files/Unity/2020.3.5f1/Editor/Data/MonoBleedingEdge/lib/mono/unityjit'
Mono config path = 'C:/Program Files/Unity/2020.3.5f1/Editor/Data/MonoBleedingEdge/etc'
Using monoOptions --debugger-agent=transport=dt_socket,embedding=1,server=y,suspend=n,address=127.0.0.1:56480
Begin MonoManager ReloadAssembly
Registering precompiled unity dll's ...
Register platform support module: C:/Program Files/Unity/2020.3.5f1/Editor/Data/PlaybackEngines/WebGLSupport/UnityEditor.WebGL.Extensions.dll
Register platform support module: C:/Program Files/Unity/2020.3.5f1/Editor/Data/PlaybackEngines/WindowsStandaloneSupport/UnityEditor.WindowsStandalone.Extensions.dll
Registered in 0.002179 seconds.
Native extension for WindowsStandalone target not found
Native extension for WebGL target not found
Refreshing native plugins compatible for Editor in 39.37 ms, found 10 plugins.
Preloading 0 native plugins for Editor in 0.00 ms.
Mono: successfully reloaded assembly
- Completed reload, in  1.022 seconds
Platform modules already initialized, skipping
Registering precompiled user dll's ...
Registered in 0.005078 seconds.
Begin MonoManager ReloadAssembly
Native extension for WindowsStandalone target not found
Native extension for WebGL target not found
Refreshing native plugins compatible for Editor in 0.62 ms, found 10 plugins.
Preloading 0 native plugins for Editor in 0.00 ms.
Mono: successfully reloaded assembly
- Completed reload, in  0.924 seconds
Platform modules already initialized, skipping
========================================================================
Worker process is ready to serve import requests
Launched and connected shader compiler UnityShaderCompiler.exe after 0.03 seconds
Refreshing native plugins compatible for Editor in 0.60 ms, found 10 plugins.
Preloading 0 native plugins for Editor in 0.00 ms.
Unloading 2196 Unused Serialized files (Serialized files now loaded: 0)
System memory in use before: 195.3 MB.
System memory in use after: 195.4 MB.

Unloading 28 unused Assets to reduce memory usage. Loaded Objects now: 2652.
Total: 2.271300 ms (FindLiveObjects: 0.355300 ms CreateObjectMapping: 0.190900 ms MarkObjects: 1.643200 ms  DeleteObjects: 0.080700 ms)

========================================================================
Received Import Request.
  path: Assets/MortAuxTrousses01/GameObjectTimeline.playable
  artifactKey: Guid(c9c11b5cf0f0a8d4981800478bedaf6f) Importer(815301076,1909f56bfc062723c751e8b465ee728b)
Start importing Assets/MortAuxTrousses01/GameObjectTimeline.playable using Guid(c9c11b5cf0f0a8d4981800478bedaf6f) Importer(815301076,1909f56bfc062723c751e8b465ee728b)  -> (artifact id: '9905d0231e311c83b8f3da7571806398') in 0.028867 seconds
  Import took 0.032114 seconds .

========================================================================
Received Import Request.
  Time since last request: 2577.482923 seconds.
  path: Assets/MortAuxTrousses01/Imported
  artifactKey: Guid(5d6d5ad4412f70448bc204e8c14032f8) Importer(815301076,1909f56bfc062723c751e8b465ee728b)
Start importing Assets/MortAuxTrousses01/Imported using Guid(5d6d5ad4412f70448bc204e8c14032f8) Importer(815301076,1909f56bfc062723c751e8b465ee728b)  -> (artifact id: '374f100da1ac29163b35a2b1167867c1') in 0.008032 seconds
  Import took 0.011559 seconds .

========================================================================
Received Import Request.
  Time since last request: 0.002461 seconds.
  path: Assets/MortAuxTrousses01/Imported
  artifactKey: Guid(5d6d5ad4412f70448bc204e8c14032f8) Importer(815301076,1909f56bfc062723c751e8b465ee728b)
Start importing Assets/MortAuxTrousses01/Imported using Guid(5d6d5ad4412f70448bc204e8c14032f8) Importer(815301076,1909f56bfc062723c751e8b465ee728b)  -> (artifact id: '374f100da1ac29163b35a2b1167867c1') in 0.119157 seconds
  Import took 0.122066 seconds .

========================================================================
Received Prepare
Registering precompiled user dll's ...
Registered in 0.007546 seconds.
Begin MonoManager ReloadAssembly
Native extension for WindowsStandalone target not found
Native extension for WebGL target not found
Refreshing native plugins compatible for Editor in 0.63 ms, found 10 plugins.
Preloading 0 native plugins for Editor in 0.00 ms.
Mono: successfully reloaded assembly
- Completed reload, in  0.963 seconds
Platform modules already initialized, skipping
Refreshing native plugins compatible for Editor in 0.60 ms, found 10 plugins.
Preloading 0 native plugins for Editor in 0.00 ms.
Unloading 2077 Unused Serialized files (Serialized files now loaded: 0)
System memory in use before: 185.1 MB.
System memory in use after: 185.2 MB.

Unloading 23 unused Assets to reduce memory usage. Loaded Objects now: 2655.
Total: 2.699200 ms (FindLiveObjects: 0.438000 ms CreateObjectMapping: 0.235700 ms MarkObjects: 2.001300 ms  DeleteObjects: 0.022600 ms)

========================================================================
Received Prepare
Registering precompiled user dll's ...
Registered in 0.005214 seconds.
Begin MonoManager ReloadAssembly
Native extension for WindowsStandalone target not found
Native extension for WebGL target not found
Refreshing native plugins compatible for Editor in 0.67 ms, found 10 plugins.
Preloading 0 native plugins for Editor in 0.00 ms.
Mono: successfully reloaded assembly
- Completed reload, in  0.929 seconds
Platform modules already initialized, skipping
Refreshing native plugins compatible for Editor in 0.67 ms, found 10 plugins.
Preloading 0 native plugins for Editor in 0.00 ms.
Unloading 2077 Unused Serialized files (Serialized files now loaded: 0)
System memory in use before: 185.1 MB.
System memory in use after: 185.3 MB.

Unloading 23 unused Assets to reduce memory usage. Loaded Objects now: 2658.
Total: 2.158700 ms (FindLiveObjects: 0.265800 ms CreateObjectMapping: 0.118100 ms MarkObjects: 1.750900 ms  DeleteObjects: 0.022600 ms)

